<?xml version="1.0" encoding="UTF-8"?>
<!-- Generated by org.testng.reporters.JUnitReportReporter -->
<testsuite hostname="DESKTOP-BKVIHK2" failures="0" tests="3" name="loanapplications.PersonalLoanApplicationTests" time="0.030" errors="0" timestamp="2022-09-27T12:53:44 IST" skipped="0">
  <testcase classname="loanapplications.PersonalLoanApplicationTests" name="PersonalLoanLoginWeb" time="0.004"/>
  <system-out/>
  <testcase classname="loanapplications.PersonalLoanApplicationTests" name="PersonalLoanLoginAPI" time="0.019"/>
  <system-out/>
  <testcase classname="loanapplications.PersonalLoanApplicationTests" name="PersonalLoanLoginMobile" time="0.007"/>
  <system-out/>
</testsuite> <!-- loanapplications.PersonalLoanApplicationTests -->
