<?xml version="1.0" encoding="UTF-8"?>
<!-- Generated by org.testng.reporters.JUnitReportReporter -->
<testsuite hostname="DESKTOP-BKVIHK2" failures="0" tests="1" name="testpkg.sample1" time="0.030" errors="0" timestamp="2022-09-27T11:39:08 IST" skipped="0">
  <testcase classname="testpkg.sample1" name="demo" time="0.030"/>
  <system-out/>
</testsuite> <!-- testpkg.sample1 -->
