<?xml version="1.0" encoding="UTF-8"?>
<!-- Generated by org.testng.reporters.JUnitReportReporter -->
<testsuite hostname="DESKTOP-BKVIHK2" failures="0" tests="3" name="loanapplications.HomeLoanApllicationTests" time="0.016" errors="0" timestamp="2022-09-27T11:39:08 IST" skipped="0">
  <testcase classname="loanapplications.HomeLoanApllicationTests" name="CarLoanLoginMobile" time="0.007"/>
  <system-out/>
  <testcase classname="loanapplications.HomeLoanApllicationTests" name="CarLoanLoginAPI" time="0.003"/>
  <system-out/>
  <testcase classname="loanapplications.HomeLoanApllicationTests" name="CarLoanLoginWeb" time="0.006"/>
  <system-out/>
</testsuite> <!-- loanapplications.HomeLoanApllicationTests -->
