<?xml version="1.0" encoding="UTF-8"?>
<!-- Generated by org.testng.reporters.JUnitReportReporter -->
<testsuite hostname="DESKTOP-BKVIHK2" failures="0" tests="1" name="loanapplications.HomeLoanApplicationTests" time="0.003" errors="0" timestamp="2022-09-27T12:53:44 IST" skipped="0">
  <testcase classname="loanapplications.HomeLoanApplicationTests" name="HomeLoanLoginWeb" time="0.003"/>
  <system-out/>
</testsuite> <!-- loanapplications.HomeLoanApplicationTests -->
